{
  "stats": {
    "suites": 5,
    "tests": 7,
    "passes": 4,
    "pending": 0,
    "failures": 3,
    "start": "2022-04-13T22:21:57.503Z",
    "end": "2022-04-13T22:21:59.600Z",
    "duration": 2097,
    "testsRegistered": 7,
    "passPercent": 57.14285714285714,
    "pendingPercent": 0,
    "other": 0,
    "hasOther": false,
    "skipped": 0,
    "hasSkipped": false
  },
  "results": [
    {
      "uuid": "56b4e962-a795-4e81-8d8b-2a157ea003d3",
      "title": "",
      "fullFile": "C:\\git\\modi-api\\test\\customers.test.mjs",
      "file": "\\test\\customers.test.mjs",
      "beforeHooks": [],
      "afterHooks": [],
      "tests": [],
      "suites": [
        {
          "uuid": "9961ca64-6b21-43bd-8377-a793aa5ae63f",
          "title": "customers",
          "fullFile": "C:\\git\\modi-api\\test\\customers.test.mjs",
          "file": "\\test\\customers.test.mjs",
          "beforeHooks": [],
          "afterHooks": [],
          "tests": [],
          "suites": [
            {
              "uuid": "9bd82713-f71d-4e7e-b7fc-60a9aecd43aa",
              "title": "POST",
              "fullFile": "C:\\git\\modi-api\\test\\customers.test.mjs",
              "file": "\\test\\customers.test.mjs",
              "beforeHooks": [],
              "afterHooks": [],
              "tests": [],
              "suites": [
                {
                  "uuid": "d9e95ec2-ca8a-4ade-86d3-d9532c4a87e7",
                  "title": "401",
                  "fullFile": "C:\\git\\modi-api\\test\\customers.test.mjs",
                  "file": "\\test\\customers.test.mjs",
                  "beforeHooks": [],
                  "afterHooks": [],
                  "tests": [
                    {
                      "title": "should fail without auth",
                      "fullTitle": "customers POST 401 should fail without auth",
                      "timedOut": false,
                      "duration": 384,
                      "state": "passed",
                      "speed": "slow",
                      "pass": true,
                      "fail": false,
                      "pending": false,
                      "context": null,
                      "code": "res = await request.post('/customers')\n    .send(customer)\n    .expect(401)",
                      "err": {},
                      "uuid": "025f1480-49b7-4fc5-a15f-a10bd5f5ce31",
                      "parentUUID": "d9e95ec2-ca8a-4ade-86d3-d9532c4a87e7",
                      "isHook": false,
                      "skipped": false
                    },
                    {
                      "title": "should satisfy api spec",
                      "fullTitle": "customers POST 401 should satisfy api spec",
                      "timedOut": false,
                      "duration": 13,
                      "state": "passed",
                      "speed": "fast",
                      "pass": true,
                      "fail": false,
                      "pending": false,
                      "context": null,
                      "code": "res.should.satisfyApiSpec",
                      "err": {},
                      "uuid": "5f93e461-a7d9-498b-9a36-7fbf88bac3bb",
                      "parentUUID": "d9e95ec2-ca8a-4ade-86d3-d9532c4a87e7",
                      "isHook": false,
                      "skipped": false
                    }
                  ],
                  "suites": [],
                  "passes": [
                    "025f1480-49b7-4fc5-a15f-a10bd5f5ce31",
                    "5f93e461-a7d9-498b-9a36-7fbf88bac3bb"
                  ],
                  "failures": [],
                  "pending": [],
                  "skipped": [],
                  "duration": 397,
                  "root": false,
                  "rootEmpty": false,
                  "_timeout": 10000
                },
                {
                  "uuid": "55bd9bc6-8185-4ce5-b5a5-3e2125d70fda",
                  "title": "400",
                  "fullFile": "C:\\git\\modi-api\\test\\customers.test.mjs",
                  "file": "\\test\\customers.test.mjs",
                  "beforeHooks": [],
                  "afterHooks": [],
                  "tests": [
                    {
                      "title": "should fail with invalid body",
                      "fullTitle": "customers POST 400 should fail with invalid body",
                      "timedOut": false,
                      "duration": 303,
                      "state": "passed",
                      "speed": "slow",
                      "pass": true,
                      "fail": false,
                      "pending": false,
                      "context": null,
                      "code": "res = await request.post('/customers')\n    .send({ \"invalid\": \"invalid\" })\n    .auth(username, password)\n    .expect(400)",
                      "err": {},
                      "uuid": "234b27ab-fab1-4864-85ba-5d73101e2e56",
                      "parentUUID": "55bd9bc6-8185-4ce5-b5a5-3e2125d70fda",
                      "isHook": false,
                      "skipped": false
                    },
                    {
                      "title": "should satisfy api spec",
                      "fullTitle": "customers POST 400 should satisfy api spec",
                      "timedOut": false,
                      "duration": 8,
                      "state": "passed",
                      "speed": "fast",
                      "pass": true,
                      "fail": false,
                      "pending": false,
                      "context": null,
                      "code": "res.should.satisfyApiSpec",
                      "err": {},
                      "uuid": "9726b307-4d9f-4f93-b61b-33b64b578861",
                      "parentUUID": "55bd9bc6-8185-4ce5-b5a5-3e2125d70fda",
                      "isHook": false,
                      "skipped": false
                    }
                  ],
                  "suites": [],
                  "passes": [
                    "234b27ab-fab1-4864-85ba-5d73101e2e56",
                    "9726b307-4d9f-4f93-b61b-33b64b578861"
                  ],
                  "failures": [],
                  "pending": [],
                  "skipped": [],
                  "duration": 311,
                  "root": false,
                  "rootEmpty": false,
                  "_timeout": 10000
                },
                {
                  "uuid": "b942dbd6-8f72-4a51-8c50-7be23b686dd0",
                  "title": "201",
                  "fullFile": "C:\\git\\modi-api\\test\\customers.test.mjs",
                  "file": "\\test\\customers.test.mjs",
                  "beforeHooks": [],
                  "afterHooks": [
                    {
                      "title": "\"after all\" hook: delete customer in \"201\"",
                      "fullTitle": "customers POST 201 \"after all\" hook: delete customer in \"201\"",
                      "timedOut": false,
                      "duration": 319,
                      "state": null,
                      "speed": null,
                      "pass": false,
                      "fail": false,
                      "pending": false,
                      "context": null,
                      "code": "await request.delete(`/customers/${customerLocal.id}`)\n    .auth(username, password)\n    .expect(200)",
                      "err": {},
                      "uuid": "4063e4e7-f887-4988-97be-3a3f783c0e4e",
                      "parentUUID": "b942dbd6-8f72-4a51-8c50-7be23b686dd0",
                      "isHook": true,
                      "skipped": false
                    }
                  ],
                  "tests": [
                    {
                      "title": "should create a customer",
                      "fullTitle": "customers POST 201 should create a customer",
                      "timedOut": false,
                      "duration": 752,
                      "state": "failed",
                      "speed": null,
                      "pass": false,
                      "fail": true,
                      "pending": false,
                      "context": null,
                      "code": "res = await request.post('/customers')\n    .send(customerLocal)\n    .auth(username, password)\n    .expect(201)\ncustomerLocal = res.body",
                      "err": {
                        "message": "Error: expected 201 \"Created\", got 200 \"OK\"",
                        "estack": "Error: expected 201 \"Created\", got 200 \"OK\"\n    at Context.<anonymous> (file:///C:/git/modi-api/test/customers.test.mjs:54:22)\n    at processImmediate (node:internal/timers:466:21)\n----\n    at Test._assertStatus (node_modules\\supertest\\lib\\test.js:252:14)\n    at C:\\git\\modi-api\\node_modules\\supertest\\lib\\test.js:306:17\n    at Test._assertFunction (node_modules\\supertest\\lib\\test.js:285:13)\n    at Test.assert (node_modules\\supertest\\lib\\test.js:164:23)\n    at localAssert (node_modules\\supertest\\lib\\test.js:120:14)\n    at C:\\git\\modi-api\\node_modules\\supertest\\lib\\test.js:125:7\n    at Test.Request.callback (node_modules\\superagent\\lib\\node\\index.js:932:12)\n    at C:\\git\\modi-api\\node_modules\\superagent\\lib\\node\\index.js:1165:20\n    at IncomingMessage.<anonymous> (node_modules\\superagent\\lib\\node\\parsers\\json.js:22:7)\n    at IncomingMessage.emit (node:events:539:35)\n    at endReadableNT (node:internal/streams/readable:1345:12)\n    at processTicksAndRejections (node:internal/process/task_queues:83:21)",
                        "diff": null
                      },
                      "uuid": "cc7fee67-89d3-4426-a260-b3185a76710d",
                      "parentUUID": "b942dbd6-8f72-4a51-8c50-7be23b686dd0",
                      "isHook": false,
                      "skipped": false
                    },
                    {
                      "title": "should satisfy api spec",
                      "fullTitle": "customers POST 201 should satisfy api spec",
                      "timedOut": false,
                      "duration": 1,
                      "state": "failed",
                      "speed": null,
                      "pass": false,
                      "fail": true,
                      "pending": false,
                      "context": null,
                      "code": "res.should.satisfyApiSpec",
                      "err": {
                        "message": "TypeError: Cannot read properties of undefined (reading 'should')",
                        "estack": "TypeError: Cannot read properties of undefined (reading 'should')\n    at Context.<anonymous> (file:///C:/git/modi-api/test/customers.test.mjs:58:21)\n    at processImmediate (node:internal/timers:466:21)",
                        "diff": null
                      },
                      "uuid": "7b790059-378f-4a11-a08b-bd63de976899",
                      "parentUUID": "b942dbd6-8f72-4a51-8c50-7be23b686dd0",
                      "isHook": false,
                      "skipped": false
                    },
                    {
                      "title": "should actually have created a customer",
                      "fullTitle": "customers POST 201 should actually have created a customer",
                      "timedOut": false,
                      "duration": 305,
                      "state": "failed",
                      "speed": null,
                      "pass": false,
                      "fail": true,
                      "pending": false,
                      "context": null,
                      "code": "await request.get(`/customers/${customerLocal.id}`)\n    .auth(username, password)\n    .expect(200)",
                      "err": {
                        "message": "Error: expected 200 \"OK\", got 404 \"Not Found\"",
                        "estack": "Error: expected 200 \"OK\", got 404 \"Not Found\"\n    at Context.<anonymous> (file:///C:/git/modi-api/test/customers.test.mjs:63:22)\n    at processImmediate (node:internal/timers:466:21)\n----\n    at Test._assertStatus (node_modules\\supertest\\lib\\test.js:252:14)\n    at C:\\git\\modi-api\\node_modules\\supertest\\lib\\test.js:306:17\n    at Test._assertFunction (node_modules\\supertest\\lib\\test.js:285:13)\n    at Test.assert (node_modules\\supertest\\lib\\test.js:164:23)\n    at localAssert (node_modules\\supertest\\lib\\test.js:120:14)\n    at C:\\git\\modi-api\\node_modules\\supertest\\lib\\test.js:125:7\n    at Test.Request.callback (node_modules\\superagent\\lib\\node\\index.js:943:3)\n    at C:\\git\\modi-api\\node_modules\\superagent\\lib\\node\\index.js:1165:20\n    at IncomingMessage.<anonymous> (node_modules\\superagent\\lib\\node\\parsers\\json.js:22:7)\n    at IncomingMessage.emit (node:events:539:35)\n    at endReadableNT (node:internal/streams/readable:1345:12)\n    at processTicksAndRejections (node:internal/process/task_queues:83:21)",
                        "diff": null
                      },
                      "uuid": "ece862c4-a564-4797-9820-521c25a1c893",
                      "parentUUID": "b942dbd6-8f72-4a51-8c50-7be23b686dd0",
                      "isHook": false,
                      "skipped": false
                    }
                  ],
                  "suites": [],
                  "passes": [],
                  "failures": [
                    "cc7fee67-89d3-4426-a260-b3185a76710d",
                    "7b790059-378f-4a11-a08b-bd63de976899",
                    "ece862c4-a564-4797-9820-521c25a1c893"
                  ],
                  "pending": [],
                  "skipped": [],
                  "duration": 1058,
                  "root": false,
                  "rootEmpty": false,
                  "_timeout": 10000
                }
              ],
              "passes": [],
              "failures": [],
              "pending": [],
              "skipped": [],
              "duration": 0,
              "root": false,
              "rootEmpty": false,
              "_timeout": 10000
            }
          ],
          "passes": [],
          "failures": [],
          "pending": [],
          "skipped": [],
          "duration": 0,
          "root": false,
          "rootEmpty": false,
          "_timeout": 10000
        }
      ],
      "passes": [],
      "failures": [],
      "pending": [],
      "skipped": [],
      "duration": 0,
      "root": true,
      "rootEmpty": true,
      "_timeout": 10000
    }
  ],
  "meta": {
    "mocha": {
      "version": "9.2.2"
    },
    "mochawesome": {
      "options": {
        "quiet": false,
        "reportFilename": "mochawesome",
        "saveHtml": true,
        "saveJson": true,
        "consoleReporter": "spec",
        "useInlineDiffs": false,
        "code": true
      },
      "version": "7.1.3"
    },
    "marge": {
      "options": null,
      "version": "6.2.0"
    }
  }
}